2026-04-12 14:27:18 [WARNING] werkzeug — Werkzeug appears to be used in a production deployment. Consider switching to a production web server instead.
2026-04-12 14:27:20 [WARNING] werkzeug — Werkzeug appears to be used in a production deployment. Consider switching to a production web server instead.
2026-04-13 11:16:05 [WARNING] werkzeug — Werkzeug appears to be used in a production deployment. Consider switching to a production web server instead.
2026-04-13 11:16:09 [WARNING] werkzeug — Werkzeug appears to be used in a production deployment. Consider switching to a production web server instead.
2026-04-13 11:17:00 [WARNING] werkzeug — Werkzeug appears to be used in a production deployment. Consider switching to a production web server instead.
2026-04-13 12:00:49 [WARNING] werkzeug — Werkzeug appears to be used in a production deployment. Consider switching to a production web server instead.
2026-04-13 13:55:13 [WARNING] werkzeug — Werkzeug appears to be used in a production deployment. Consider switching to a production web server instead.
2026-04-13 14:20:23 [ERROR] NL pedagogique — Erreur sauvegarde tmp: san() and lan() expect move to be legal or null, but got g5f3 in r3k3/1p3pp1/2q1p2P/p2p4/P2P2PP/Q4N2/1Pb1PP2/4KB1R b K - 0 20
2026-04-13 14:21:31 [ERROR] NL pedagogique — Erreur sauvegarde tmp: san() and lan() expect move to be legal or null, but got g5f3 in r3k3/1p3pp1/2q1p2P/p2p4/P2P2PP/Q4N2/1Pb1PP2/4KB1R b K - 0 20
2026-04-13 14:21:32 [ERROR] NL pedagogique — Erreur sauvegarde tmp: san() and lan() expect move to be legal or null, but got g5f3 in r3k3/1p3pp1/2q1p2P/p2p4/P2P2PP/Q4N2/1Pb1PP2/4KB1R b K - 0 20
2026-04-13 14:22:13 [ERROR] NL pedagogique — Erreur sauvegarde tmp: san() and lan() expect move to be legal or null, but got g5f3 in r3k3/1p3pp1/2q1p2P/p2p4/P2P2PP/Q4N2/1Pb1PP2/4KB1R b K - 0 20
2026-04-13 14:22:14 [ERROR] NL pedagogique — Erreur sauvegarde tmp: san() and lan() expect move to be legal or null, but got g5f3 in r3k3/1p3pp1/2q1p2P/p2p4/P2P2PP/Q4N2/1Pb1PP2/4KB1R b K - 0 20
2026-04-13 14:37:47 [ERROR] NL pedagogique — Erreur sauvegarde tmp: san() and lan() expect move to be legal or null, but got g5f3 in r3k3/1p3pp1/2q1p2P/p2p4/P2P2PP/Q4N2/1Pb1PP2/4KB1R b K - 0 20
2026-04-13 14:37:48 [ERROR] NL pedagogique — Erreur sauvegarde tmp: san() and lan() expect move to be legal or null, but got g5f3 in r3k3/1p3pp1/2q1p2P/p2p4/P2P2PP/Q4N2/1Pb1PP2/4KB1R b K - 0 20
2026-04-13 14:40:35 [ERROR] NL pedagogique — Erreur sauvegarde tmp: san() and lan() expect move to be legal or null, but got g5f3 in r3k3/1p3pp1/2q1p2P/p2p4/P2P2PP/Q4N2/1Pb1PP2/4KB1R b K - 0 20
2026-04-13 14:40:36 [ERROR] NL pedagogique — Erreur sauvegarde tmp: san() and lan() expect move to be legal or null, but got g5f3 in r3k3/1p3pp1/2q1p2P/p2p4/P2P2PP/Q4N2/1Pb1PP2/4KB1R b K - 0 20
2026-04-13 14:40:46 [ERROR] NL pedagogique — Erreur sauvegarde tmp: san() and lan() expect move to be legal or null, but got g5f3 in r3k3/1p3pp1/2q1p2P/p2p4/P2P2PP/Q4N2/1Pb1PP2/4KB1R b K - 0 20
2026-04-13 14:40:47 [ERROR] NL pedagogique — Erreur sauvegarde tmp: san() and lan() expect move to be legal or null, but got g5f3 in r3k3/1p3pp1/2q1p2P/p2p4/P2P2PP/Q4N2/1Pb1PP2/4KB1R b K - 0 20
2026-04-13 14:40:56 [ERROR] NL pedagogique — Erreur sauvegarde tmp: san() and lan() expect move to be legal or null, but got g5f3 in r3k3/1p3pp1/2q1p2P/p2p4/P2P2PP/Q4N2/1Pb1PP2/4KB1R b K - 0 20
2026-04-13 14:40:57 [ERROR] NL pedagogique — Erreur sauvegarde tmp: san() and lan() expect move to be legal or null, but got g5f3 in r3k3/1p3pp1/2q1p2P/p2p4/P2P2PP/Q4N2/1Pb1PP2/4KB1R b K - 0 20
2026-04-13 14:41:23 [ERROR] NL pedagogique — Erreur sauvegarde tmp: san() and lan() expect move to be legal or null, but got g5f3 in r3k3/1p3pp1/2q1p2P/p2p4/P2P2PP/Q4N2/1Pb1PP2/4KB1R b K - 0 20
2026-04-13 14:41:24 [ERROR] NL pedagogique — Erreur sauvegarde tmp: san() and lan() expect move to be legal or null, but got g5f3 in r3k3/1p3pp1/2q1p2P/p2p4/P2P2PP/Q4N2/1Pb1PP2/4KB1R b K - 0 20
2026-04-13 14:41:54 [ERROR] NL pedagogique — Erreur sauvegarde tmp: san() and lan() expect move to be legal or null, but got g5f3 in r3k3/1p3pp1/2q1p2P/p2p4/P2P2PP/Q4N2/1Pb1PP2/4KB1R b K - 0 20
2026-04-13 14:41:55 [ERROR] NL pedagogique — Erreur sauvegarde tmp: san() and lan() expect move to be legal or null, but got g5f3 in r3k3/1p3pp1/2q1p2P/p2p4/P2P2PP/Q4N2/1Pb1PP2/4KB1R b K - 0 20
2026-04-13 14:42:06 [ERROR] NL pedagogique — Erreur sauvegarde tmp: san() and lan() expect move to be legal or null, but got g5f3 in r3k3/1p3pp1/2q1p2P/p2p4/P2P2PP/Q4N2/1Pb1PP2/4KB1R b K - 0 20
2026-04-13 14:42:07 [ERROR] NL pedagogique — Erreur sauvegarde tmp: san() and lan() expect move to be legal or null, but got g5f3 in r3k3/1p3pp1/2q1p2P/p2p4/P2P2PP/Q4N2/1Pb1PP2/4KB1R b K - 0 20
2026-04-13 14:42:51 [ERROR] NL pedagogique — Erreur sauvegarde tmp: san() and lan() expect move to be legal or null, but got g5f3 in r3k3/1p3pp1/2q1p2P/p2p4/P2P2PP/Q4N2/1Pb1PP2/4KB1R b K - 0 20
2026-04-13 14:42:52 [ERROR] NL pedagogique — Erreur sauvegarde tmp: san() and lan() expect move to be legal or null, but got g5f3 in r3k3/1p3pp1/2q1p2P/p2p4/P2P2PP/Q4N2/1Pb1PP2/4KB1R b K - 0 20
2026-04-13 14:43:02 [ERROR] NL pedagogique — Erreur sauvegarde tmp: san() and lan() expect move to be legal or null, but got g5f3 in r3k3/1p3pp1/2q1p2P/p2p4/P2P2PP/Q4N2/1Pb1PP2/4KB1R b K - 0 20
2026-04-13 14:43:03 [ERROR] NL pedagogique — Erreur sauvegarde tmp: san() and lan() expect move to be legal or null, but got g5f3 in r3k3/1p3pp1/2q1p2P/p2p4/P2P2PP/Q4N2/1Pb1PP2/4KB1R b K - 0 20
2026-04-13 14:43:25 [ERROR] NL pedagogique — Erreur sauvegarde tmp: san() and lan() expect move to be legal or null, but got g5f3 in r3k3/1p3pp1/2q1p2P/p2p4/P2P2PP/Q4N2/1Pb1PP2/4KB1R b K - 0 20
2026-04-13 14:43:26 [ERROR] NL pedagogique — Erreur sauvegarde tmp: san() and lan() expect move to be legal or null, but got g5f3 in r3k3/1p3pp1/2q1p2P/p2p4/P2P2PP/Q4N2/1Pb1PP2/4KB1R b K - 0 20
2026-04-13 14:43:34 [ERROR] NL pedagogique — Erreur sauvegarde tmp: san() and lan() expect move to be legal or null, but got g5f3 in r3k3/1p3pp1/2q1p2P/p2p4/P2P2PP/Q4N2/1Pb1PP2/4KB1R b K - 0 20
2026-04-13 14:43:35 [ERROR] NL pedagogique — Erreur sauvegarde tmp: san() and lan() expect move to be legal or null, but got g5f3 in r3k3/1p3pp1/2q1p2P/p2p4/P2P2PP/Q4N2/1Pb1PP2/4KB1R b K - 0 20
2026-04-13 14:44:02 [ERROR] NL pedagogique — Erreur sauvegarde tmp: san() and lan() expect move to be legal or null, but got g5f3 in r3k3/1p3pp1/2q1p2P/p2p4/P2P2PP/Q4N2/1Pb1PP2/4KB1R b K - 0 20
2026-04-13 14:44:03 [ERROR] NL pedagogique — Erreur sauvegarde tmp: san() and lan() expect move to be legal or null, but got g5f3 in r3k3/1p3pp1/2q1p2P/p2p4/P2P2PP/Q4N2/1Pb1PP2/4KB1R b K - 0 20
2026-04-13 14:45:07 [ERROR] NL pedagogique — Erreur sauvegarde tmp: san() and lan() expect move to be legal or null, but got g5f3 in r3k3/1p3pp1/2q1p2P/p2p4/P2P2PP/Q4N2/1Pb1PP2/4KB1R b K - 0 20
2026-04-13 14:45:08 [ERROR] NL pedagogique — Erreur sauvegarde tmp: san() and lan() expect move to be legal or null, but got g5f3 in r3k3/1p3pp1/2q1p2P/p2p4/P2P2PP/Q4N2/1Pb1PP2/4KB1R b K - 0 20
2026-04-13 14:45:26 [ERROR] NL pedagogique — Erreur sauvegarde tmp: san() and lan() expect move to be legal or null, but got g5f3 in r3k3/1p3pp1/2q1p2P/p2p4/P2P2PP/Q4N2/1Pb1PP2/4KB1R b K - 0 20
2026-04-13 14:45:27 [ERROR] NL pedagogique — Erreur sauvegarde tmp: san() and lan() expect move to be legal or null, but got g5f3 in r3k3/1p3pp1/2q1p2P/p2p4/P2P2PP/Q4N2/1Pb1PP2/4KB1R b K - 0 20
2026-04-13 14:45:38 [ERROR] NL pedagogique — Erreur sauvegarde tmp: san() and lan() expect move to be legal or null, but got g5f3 in r3k3/1p3pp1/2q1p2P/p2p4/P2P2PP/Q4N2/1Pb1PP2/4KB1R b K - 0 20
2026-04-13 14:45:39 [ERROR] NL pedagogique — Erreur sauvegarde tmp: san() and lan() expect move to be legal or null, but got g5f3 in r3k3/1p3pp1/2q1p2P/p2p4/P2P2PP/Q4N2/1Pb1PP2/4KB1R b K - 0 20
2026-04-13 14:46:07 [ERROR] NL pedagogique — Erreur sauvegarde tmp: san() and lan() expect move to be legal or null, but got g5f3 in r3k3/1p3pp1/2q1p2P/p2p4/P2P2PP/Q4N2/1Pb1PP2/4KB1R b K - 0 20
2026-04-13 14:46:08 [ERROR] NL pedagogique — Erreur sauvegarde tmp: san() and lan() expect move to be legal or null, but got g5f3 in r3k3/1p3pp1/2q1p2P/p2p4/P2P2PP/Q4N2/1Pb1PP2/4KB1R b K - 0 20
2026-04-13 14:46:16 [ERROR] NL pedagogique — Erreur sauvegarde tmp: san() and lan() expect move to be legal or null, but got g5f3 in r3k3/1p3pp1/2q1p2P/p2p4/P2P2PP/Q4N2/1Pb1PP2/4KB1R b K - 0 20
2026-04-13 14:46:17 [ERROR] NL pedagogique — Erreur sauvegarde tmp: san() and lan() expect move to be legal or null, but got g5f3 in r3k3/1p3pp1/2q1p2P/p2p4/P2P2PP/Q4N2/1Pb1PP2/4KB1R b K - 0 20
2026-04-13 14:46:27 [ERROR] NL pedagogique — Erreur sauvegarde tmp: san() and lan() expect move to be legal or null, but got g5f3 in r3k3/1p3pp1/2q1p2P/p2p4/P2P2PP/Q4N2/1Pb1PP2/4KB1R b K - 0 20
2026-04-13 14:46:28 [ERROR] NL pedagogique — Erreur sauvegarde tmp: san() and lan() expect move to be legal or null, but got g5f3 in r3k3/1p3pp1/2q1p2P/p2p4/P2P2PP/Q4N2/1Pb1PP2/4KB1R b K - 0 20
2026-04-13 14:46:38 [ERROR] NL pedagogique — Erreur sauvegarde tmp: san() and lan() expect move to be legal or null, but got g5f3 in r3k3/1p3pp1/2q1p2P/p2p4/P2P2PP/Q4N2/1Pb1PP2/4KB1R b K - 0 20
2026-04-13 14:46:39 [ERROR] NL pedagogique — Erreur sauvegarde tmp: san() and lan() expect move to be legal or null, but got g5f3 in r3k3/1p3pp1/2q1p2P/p2p4/P2P2PP/Q4N2/1Pb1PP2/4KB1R b K - 0 20
2026-04-13 14:46:49 [ERROR] NL pedagogique — Erreur sauvegarde tmp: san() and lan() expect move to be legal or null, but got g5f3 in r3k3/1p3pp1/2q1p2P/p2p4/P2P2PP/Q4N2/1Pb1PP2/4KB1R b K - 0 20
2026-04-13 14:46:50 [ERROR] NL pedagogique — Erreur sauvegarde tmp: san() and lan() expect move to be legal or null, but got g5f3 in r3k3/1p3pp1/2q1p2P/p2p4/P2P2PP/Q4N2/1Pb1PP2/4KB1R b K - 0 20
2026-04-13 14:47:04 [ERROR] NL pedagogique — Erreur sauvegarde tmp: san() and lan() expect move to be legal or null, but got g5f3 in r3k3/1p3pp1/2q1p2P/p2p4/P2P2PP/Q4N2/1Pb1PP2/4KB1R b K - 0 20
2026-04-13 14:47:05 [ERROR] NL pedagogique — Erreur sauvegarde tmp: san() and lan() expect move to be legal or null, but got g5f3 in r3k3/1p3pp1/2q1p2P/p2p4/P2P2PP/Q4N2/1Pb1PP2/4KB1R b K - 0 20
2026-04-13 14:47:30 [ERROR] NL pedagogique — Erreur sauvegarde tmp: san() and lan() expect move to be legal or null, but got g5f3 in r3k3/1p3pp1/2q1p2P/p2p4/P2P2PP/Q4N2/1Pb1PP2/4KB1R b K - 0 20
2026-04-13 14:47:31 [ERROR] NL pedagogique — Erreur sauvegarde tmp: san() and lan() expect move to be legal or null, but got g5f3 in r3k3/1p3pp1/2q1p2P/p2p4/P2P2PP/Q4N2/1Pb1PP2/4KB1R b K - 0 20
2026-04-13 14:47:51 [ERROR] NL pedagogique — Erreur sauvegarde tmp: san() and lan() expect move to be legal or null, but got g5f3 in r3k3/1p3pp1/2q1p2P/p2p4/P2P2PP/Q4N2/1Pb1PP2/4KB1R b K - 0 20
2026-04-13 14:47:51 [ERROR] NL pedagogique — Erreur sauvegarde tmp: san() and lan() expect move to be legal or null, but got g5f3 in r3k3/1p3pp1/2q1p2P/p2p4/P2P2PP/Q4N2/1Pb1PP2/4KB1R b K - 0 20
2026-04-15 20:52:44 [CRITICAL] niclink.crash — Exception non gérée
Traceback (most recent call last):
  File "<frozen runpy>", line 198, in _run_module_as_main
  File "<frozen runpy>", line 88, in _run_code
  File "/home/alain/NicLink/nicsoft/web/__main__.py", line 1056, in <module>
    main()
  File "/home/alain/NicLink/nicsoft/web/__main__.py", line 140, in main
    _launch_exercices()
  File "/home/alain/NicLink/nicsoft/web/__main__.py", line 484, in _launch_exercices
    from nicsoft.exercices.__main__ import get_ouvertures
ImportError: cannot import name 'get_ouvertures' from 'nicsoft.exercices.__main__' (/home/alain/NicLink/nicsoft/exercices/__main__.py)
2026-04-15 20:53:13 [CRITICAL] niclink.crash — Exception non gérée
Traceback (most recent call last):
  File "<frozen runpy>", line 198, in _run_module_as_main
  File "<frozen runpy>", line 88, in _run_code
  File "/home/alain/NicLink/nicsoft/web/__main__.py", line 1056, in <module>
    main()
  File "/home/alain/NicLink/nicsoft/web/__main__.py", line 140, in main
    _launch_exercices()
  File "/home/alain/NicLink/nicsoft/web/__main__.py", line 484, in _launch_exercices
    from nicsoft.exercices.__main__ import get_ouvertures
ImportError: cannot import name 'get_ouvertures' from 'nicsoft.exercices.__main__' (/home/alain/NicLink/nicsoft/exercices/__main__.py)
2026-04-16 20:18:53 [WARNING] niclink.virtual_board — VirtualBoard: coup illégal reçu : d3d4 (position : r1bqk1nr/pppp1ppp/2n5/2b1p3/2B1P3/5N2/PPPP1PPP/RNBQK2R w KQkq - 4 4)
2026-04-22 23:36:38 [CRITICAL] niclink.crash — Exception non gérée
Traceback (most recent call last):
  File "<frozen runpy>", line 198, in _run_module_as_main
  File "<frozen runpy>", line 88, in _run_code
  File "/home/alain/NicLink/nicsoft/web/__main__.py", line 1085, in <module>
    main()
  File "/home/alain/NicLink/nicsoft/web/__main__.py", line 140, in main
    _launch_exercices()
  File "/home/alain/NicLink/nicsoft/web/__main__.py", line 484, in _launch_exercices
    from nicsoft.exercices.__main__ import get_ouvertures
ModuleNotFoundError: No module named 'nicsoft.exercices.__main__'
2026-04-22 23:40:45 [CRITICAL] niclink.crash — Exception non gérée
Traceback (most recent call last):
  File "<frozen runpy>", line 198, in _run_module_as_main
  File "<frozen runpy>", line 88, in _run_code
  File "/home/alain/NicLink/nicsoft/web/__main__.py", line 1085, in <module>
    main()
  File "/home/alain/NicLink/nicsoft/web/__main__.py", line 140, in main
    _launch_exercices()
  File "/home/alain/NicLink/nicsoft/web/__main__.py", line 484, in _launch_exercices
    from nicsoft.exercices.__main__ import get_ouvertures
ImportError: cannot import name 'get_ouvertures' from 'nicsoft.exercices.__main__' (/home/alain/NicLink/nicsoft/exercices/__main__.py)
2026-04-22 23:41:52 [CRITICAL] niclink.crash — Exception non gérée
Traceback (most recent call last):
  File "<frozen runpy>", line 198, in _run_module_as_main
  File "<frozen runpy>", line 88, in _run_code
  File "/home/alain/NicLink/nicsoft/web/__main__.py", line 1085, in <module>
    main()
  File "/home/alain/NicLink/nicsoft/web/__main__.py", line 140, in main
    _launch_exercices()
  File "/home/alain/NicLink/nicsoft/web/__main__.py", line 484, in _launch_exercices
    from nicsoft.exercices.__main__ import get_ouvertures
ImportError: cannot import name 'get_ouvertures' from 'nicsoft.exercices.__main__' (/home/alain/NicLink/nicsoft/exercices/__main__.py)
2026-04-23 11:43:26 [ERROR] NL pedagogique — Erreur sauvegarde tmp: san() and lan() expect move to be legal or null, but got f8b8 in 6nK/2QbppBp/q7/4n3/1PpP2P1/4P3/1P1bnPPP/4KB1R w - - 1 17
2026-04-23 11:44:05 [ERROR] NL pedagogique — Erreur sauvegarde tmp: san() and lan() expect move to be legal or null, but got f8b8 in 6nK/2QbppBp/q7/4n3/1PpP2P1/4P3/1P1bnPPP/4KB1R w - - 1 17
2026-04-23 11:44:06 [ERROR] NL pedagogique — Erreur sauvegarde tmp: san() and lan() expect move to be legal or null, but got f8b8 in 6nK/2QbppBp/q7/4n3/1PpP2P1/4P3/1P1bnPPP/4KB1R w - - 1 17
2026-04-23 11:44:11 [ERROR] NL pedagogique — Erreur sauvegarde tmp: san() and lan() expect move to be legal or null, but got f8b8 in 6nK/2QbppBp/q7/4n3/1PpP2P1/4P3/1P1bnPPP/4KB1R w - - 1 17
2026-04-26 21:11:19 [WARNING] werkzeug — Werkzeug appears to be used in a production deployment. Consider switching to a production web server instead.
2026-04-26 21:11:36 [WARNING] werkzeug — Werkzeug appears to be used in a production deployment. Consider switching to a production web server instead.
2026-04-26 21:24:31 [WARNING] werkzeug — Werkzeug appears to be used in a production deployment. Consider switching to a production web server instead.
2026-04-26 21:25:37 [WARNING] werkzeug — Werkzeug appears to be used in a production deployment. Consider switching to a production web server instead.
2026-04-26 22:50:36 [WARNING] niclink.virtual_board — VirtualBoard: coup illégal reçu : d8e7 (position : rnbqkbnr/ppp1pppp/8/3p4/2PP4/8/PP2PPPP/RNBQKBNR b KQkq - 0 2)
2026-04-26 22:50:36 [WARNING] niclink.virtual_board — VirtualBoard: coup illégal reçu : d8e7 (position : rnbqkbnr/ppp1pppp/8/3p4/2PP4/8/PP2PPPP/RNBQKBNR b KQkq - 0 2)
2026-04-28 09:28:38 [WARNING] werkzeug — Werkzeug appears to be used in a production deployment. Consider switching to a production web server instead.
2026-04-28 09:50:34 [WARNING] werkzeug — Werkzeug appears to be used in a production deployment. Consider switching to a production web server instead.
2026-04-28 09:57:18 [WARNING] werkzeug — Werkzeug appears to be used in a production deployment. Consider switching to a production web server instead.
2026-04-28 09:57:21 [WARNING] werkzeug — Werkzeug appears to be used in a production deployment. Consider switching to a production web server instead.
2026-04-28 09:57:32 [WARNING] werkzeug — Werkzeug appears to be used in a production deployment. Consider switching to a production web server instead.
2026-04-28 10:02:39 [WARNING] werkzeug — Werkzeug appears to be used in a production deployment. Consider switching to a production web server instead.
2026-04-30 14:17:00 [WARNING] werkzeug — Werkzeug appears to be used in a production deployment. Consider switching to a production web server instead.
2026-04-30 14:17:20 [WARNING] werkzeug — Werkzeug appears to be used in a production deployment. Consider switching to a production web server instead.
2026-04-30 14:20:10 [WARNING] werkzeug — Werkzeug appears to be used in a production deployment. Consider switching to a production web server instead.
2026-04-30 14:20:34 [WARNING] werkzeug — Werkzeug appears to be used in a production deployment. Consider switching to a production web server instead.
2026-04-30 14:25:00 [WARNING] werkzeug — Werkzeug appears to be used in a production deployment. Consider switching to a production web server instead.
2026-04-30 14:25:11 [WARNING] werkzeug — Werkzeug appears to be used in a production deployment. Consider switching to a production web server instead.
2026-04-30 14:27:31 [WARNING] werkzeug — Werkzeug appears to be used in a production deployment. Consider switching to a production web server instead.
2026-04-30 21:55:07 [WARNING] werkzeug — Werkzeug appears to be used in a production deployment. Consider switching to a production web server instead.
2026-04-30 23:06:26 [WARNING] werkzeug — Werkzeug appears to be used in a production deployment. Consider switching to a production web server instead.
2026-05-01 23:26:55 [WARNING] chess.engine — <UciProtocol (pid=65151)>: stderr >> [1m[31m       _
2026-05-01 23:26:55 [WARNING] chess.engine — <UciProtocol (pid=65151)>: stderr >> |   _ | |
2026-05-01 23:26:55 [WARNING] chess.engine — <UciProtocol (pid=65151)>: stderr >> |_ |_ |_|[0m v0.33.0-dev+git.5d8b306 built Apr  6 2026
2026-05-01 23:26:55 [WARNING] chess.engine — <UciProtocol (pid=65151)>: stderr >> Search algorithm: classic
2026-05-01 23:27:00 [WARNING] chess.engine — <UciProtocol (pid=65151)>: stderr >> Loading weights file from: /home/alain/NicLink/engines/maia/maia-1500.pb.gz
2026-05-01 23:27:00 [WARNING] chess.engine — <UciProtocol (pid=65151)>: stderr >> BLAS vendor: OpenBLAS.
2026-05-01 23:27:00 [WARNING] chess.engine — <UciProtocol (pid=65151)>: stderr >> OpenBLAS [OpenBLAS 0.3.26 NO_LAPACKE DYNAMIC_ARCH NO_AFFINITY Haswell MAX_THREADS=64].
2026-05-01 23:27:00 [WARNING] chess.engine — <UciProtocol (pid=65151)>: stderr >> OpenBLAS found 8 Haswell core(s).
2026-05-01 23:27:00 [WARNING] chess.engine — <UciProtocol (pid=65151)>: stderr >> BLAS max batch size is 256.

============================================================
=== DEBUG MARK — 2026-05-02 20:43:55 ===
============================================================

============================================================
=== DEBUG MARK — 2026-05-02 20:46:10 ===
============================================================

============================================================
=== DEBUG MARK — 2026-05-02 20:46:25 ===
============================================================

============================================================
=== DEBUG MARK — 2026-05-02 20:58:25 ===
============================================================

============================================================
=== DEBUG MARK — 2026-05-02 21:20:19 ===
============================================================
2026-05-02 21:36:21 [WARNING] chess.engine — <UciProtocol (pid=116035)>: stderr >> [1m[31m       _
2026-05-02 21:36:21 [WARNING] chess.engine — <UciProtocol (pid=116035)>: stderr >> |   _ | |
2026-05-02 21:36:21 [WARNING] chess.engine — <UciProtocol (pid=116035)>: stderr >> |_ |_ |_|[0m v0.33.0-dev+git.5d8b306 built Apr  6 2026
2026-05-02 21:36:21 [WARNING] chess.engine — <UciProtocol (pid=116035)>: stderr >> Search algorithm: classic
2026-05-02 21:36:36 [WARNING] chess.engine — <UciProtocol (pid=116035)>: stderr >> Loading weights file from: /home/alain/NicLink/engines/maia/maia-1500.pb.gz
2026-05-02 21:36:36 [WARNING] chess.engine — <UciProtocol (pid=116035)>: stderr >> BLAS vendor: OpenBLAS.
2026-05-02 21:36:36 [WARNING] chess.engine — <UciProtocol (pid=116035)>: stderr >> OpenBLAS [OpenBLAS 0.3.26 NO_LAPACKE DYNAMIC_ARCH NO_AFFINITY Haswell MAX_THREADS=64].
2026-05-02 21:36:36 [WARNING] chess.engine — <UciProtocol (pid=116035)>: stderr >> OpenBLAS found 8 Haswell core(s).
2026-05-02 21:36:36 [WARNING] chess.engine — <UciProtocol (pid=116035)>: stderr >> BLAS max batch size is 256.
2026-05-02 21:43:20 [WARNING] chess.engine — <UciProtocol (pid=116835)>: stderr >> [1m[31m       _
2026-05-02 21:43:20 [WARNING] chess.engine — <UciProtocol (pid=116835)>: stderr >> |   _ | |
2026-05-02 21:43:20 [WARNING] chess.engine — <UciProtocol (pid=116835)>: stderr >> |_ |_ |_|[0m v0.33.0-dev+git.5d8b306 built Apr  6 2026
2026-05-02 21:43:20 [WARNING] chess.engine — <UciProtocol (pid=116835)>: stderr >> Search algorithm: classic
2026-05-02 21:43:28 [WARNING] chess.engine — <UciProtocol (pid=116835)>: stderr >> Loading weights file from: /home/alain/NicLink/engines/maia/maia-1500.pb.gz
2026-05-02 21:43:28 [WARNING] chess.engine — <UciProtocol (pid=116835)>: stderr >> BLAS vendor: OpenBLAS.
2026-05-02 21:43:28 [WARNING] chess.engine — <UciProtocol (pid=116835)>: stderr >> OpenBLAS [OpenBLAS 0.3.26 NO_LAPACKE DYNAMIC_ARCH NO_AFFINITY Haswell MAX_THREADS=64].
2026-05-02 21:43:28 [WARNING] chess.engine — <UciProtocol (pid=116835)>: stderr >> OpenBLAS found 8 Haswell core(s).
2026-05-02 21:43:28 [WARNING] chess.engine — <UciProtocol (pid=116835)>: stderr >> BLAS max batch size is 256.

============================================================
=== DEBUG MARK — 2026-05-02 22:34:00 ===
============================================================
2026-05-03 13:40:24 [WARNING] werkzeug — Werkzeug appears to be used in a production deployment. Consider switching to a production web server instead.

============================================================
=== DEBUG MARK — 2026-05-04 21:43:03 ===
============================================================

============================================================
=== DEBUG MARK — 2026-05-04 21:45:47 ===
============================================================
2026-05-05 15:13:06 [WARNING] werkzeug — Werkzeug appears to be used in a production deployment. Consider switching to a production web server instead.

============================================================
=== DEBUG MARK — 2026-05-06 20:57:57 ===
============================================================

============================================================
=== DÉMARRAGE [DEBUG] — 2026-05-06 21:12:20 ===
============================================================

============================================================
=== DÉMARRAGE [DEBUG] — 2026-05-06 21:19:15 ===
============================================================

============================================================
=== DEBUG MARK — 2026-05-06 21:19:48 ===
============================================================

============================================================
=== DÉMARRAGE [DEBUG] — 2026-05-06 21:26:01 ===
============================================================

============================================================
=== DÉMARRAGE [DEBUG] — 2026-05-06 21:30:41 ===
============================================================

============================================================
=== DÉMARRAGE [DEBUG] — 2026-05-06 21:37:10 ===
============================================================

============================================================
=== DÉMARRAGE [DEBUG] — 2026-05-06 21:41:43 ===
============================================================

============================================================
=== DÉMARRAGE [DEBUG] — 2026-05-06 21:46:48 ===
============================================================

============================================================
=== DÉMARRAGE — 2026-05-07 15:37:44 ===
============================================================
2026-05-07 15:37:44 [WARNING] werkzeug — Werkzeug appears to be used in a production deployment. Consider switching to a production web server instead.

============================================================
=== DÉMARRAGE — 2026-05-07 15:38:31 ===
============================================================
2026-05-07 15:38:31 [WARNING] werkzeug — Werkzeug appears to be used in a production deployment. Consider switching to a production web server instead.

============================================================
=== DÉMARRAGE — 2026-05-07 15:49:29 ===
============================================================
2026-05-07 15:49:29 [WARNING] werkzeug — Werkzeug appears to be used in a production deployment. Consider switching to a production web server instead.

============================================================
=== DÉMARRAGE [DEBUG] — 2026-05-07 15:51:51 ===
============================================================

============================================================
=== DÉMARRAGE [DEBUG] — 2026-05-07 15:55:22 ===
============================================================

============================================================
=== DÉMARRAGE [DEBUG] — 2026-05-07 16:04:17 ===
============================================================
2026-05-07 16:05:10 [ERROR] NL pedagogique — Erreur évaluation nulle: 

============================================================
=== DÉMARRAGE [DEBUG] — 2026-05-07 16:09:29 ===
============================================================

============================================================
=== DÉMARRAGE [DEBUG] — 2026-05-07 16:10:59 ===
============================================================

============================================================
=== DÉMARRAGE [DEBUG] — 2026-05-07 16:15:24 ===
============================================================

============================================================
=== DÉMARRAGE [DEBUG] — 2026-05-07 16:23:58 ===
============================================================

============================================================
=== DÉMARRAGE [DEBUG] — 2026-05-07 17:08:55 ===
============================================================

============================================================
=== DÉMARRAGE [DEBUG] — 2026-05-07 17:57:30 ===
============================================================

============================================================
=== DÉMARRAGE [DEBUG] — 2026-05-07 18:03:42 ===
============================================================

============================================================
=== DÉMARRAGE [DEBUG] — 2026-05-07 18:16:38 ===
============================================================

============================================================
=== DÉMARRAGE [DEBUG] — 2026-05-07 18:26:53 ===
============================================================

============================================================
=== DÉMARRAGE [DEBUG] — 2026-05-07 18:30:33 ===
============================================================

============================================================
=== DÉMARRAGE [DEBUG] — 2026-05-07 18:39:08 ===
============================================================

============================================================
=== DÉMARRAGE — 2026-05-07 19:48:25 ===
============================================================
2026-05-07 19:48:25 [WARNING] werkzeug — Werkzeug appears to be used in a production deployment. Consider switching to a production web server instead.

============================================================
=== DÉMARRAGE [DEBUG] — 2026-05-08 03:25:08 ===
============================================================

============================================================
=== DÉMARRAGE [DEBUG] — 2026-05-08 03:26:48 ===
============================================================

============================================================
=== DÉMARRAGE [DEBUG] — 2026-05-08 03:40:13 ===
============================================================

============================================================
=== DÉMARRAGE [DEBUG] — 2026-05-08 03:47:24 ===
============================================================

============================================================
=== DÉMARRAGE [DEBUG] — 2026-05-08 03:52:20 ===
============================================================

============================================================
=== DÉMARRAGE [DEBUG] — 2026-05-08 04:07:03 ===
============================================================

============================================================
=== DÉMARRAGE [DEBUG] — 2026-05-08 04:14:36 ===
============================================================

============================================================
=== DÉMARRAGE [DEBUG] — 2026-05-08 04:15:57 ===
============================================================

============================================================
=== DÉMARRAGE [DEBUG] — 2026-05-08 04:20:46 ===
============================================================

============================================================
=== DÉMARRAGE [DEBUG] — 2026-05-08 04:42:16 ===
============================================================

============================================================
=== DÉMARRAGE [DEBUG] — 2026-05-08 05:03:42 ===
============================================================

============================================================
=== DÉMARRAGE [DEBUG] — 2026-05-08 05:06:50 ===
============================================================

============================================================
=== DÉMARRAGE [DEBUG] — 2026-05-08 05:30:20 ===
============================================================

============================================================
=== DÉMARRAGE [DEBUG] — 2026-05-08 05:32:31 ===
============================================================

============================================================
=== DÉMARRAGE [DEBUG] — 2026-05-08 05:39:08 ===
============================================================

============================================================
=== DÉMARRAGE [DEBUG] — 2026-05-08 22:51:48 ===
============================================================

============================================================
=== DÉMARRAGE [DEBUG] — 2026-05-08 23:31:31 ===
============================================================

============================================================
=== DÉMARRAGE — 2026-05-08 23:42:45 ===
============================================================
2026-05-08 23:42:45 [WARNING] werkzeug — Werkzeug appears to be used in a production deployment. Consider switching to a production web server instead.

============================================================
=== DÉMARRAGE — 2026-05-08 23:46:41 ===
============================================================
2026-05-08 23:46:41 [WARNING] werkzeug — Werkzeug appears to be used in a production deployment. Consider switching to a production web server instead.

============================================================
=== DÉMARRAGE — 2026-05-08 23:48:34 ===
============================================================
2026-05-08 23:48:34 [WARNING] werkzeug — Werkzeug appears to be used in a production deployment. Consider switching to a production web server instead.

============================================================
=== DÉMARRAGE — 2026-05-08 23:50:01 ===
============================================================
2026-05-08 23:50:01 [WARNING] werkzeug — Werkzeug appears to be used in a production deployment. Consider switching to a production web server instead.

============================================================
=== DÉMARRAGE — 2026-05-08 23:51:45 ===
============================================================
2026-05-08 23:51:45 [WARNING] werkzeug — Werkzeug appears to be used in a production deployment. Consider switching to a production web server instead.

============================================================
=== DÉMARRAGE — 2026-05-08 23:53:34 ===
============================================================
2026-05-08 23:53:34 [WARNING] werkzeug — Werkzeug appears to be used in a production deployment. Consider switching to a production web server instead.

============================================================
=== DÉMARRAGE — 2026-05-08 23:55:26 ===
============================================================
2026-05-08 23:55:26 [WARNING] werkzeug — Werkzeug appears to be used in a production deployment. Consider switching to a production web server instead.

============================================================
=== DÉMARRAGE — 2026-05-08 23:56:59 ===
============================================================
2026-05-08 23:56:59 [WARNING] werkzeug — Werkzeug appears to be used in a production deployment. Consider switching to a production web server instead.

============================================================
=== DÉMARRAGE — 2026-05-08 23:58:33 ===
============================================================
2026-05-08 23:58:33 [WARNING] werkzeug — Werkzeug appears to be used in a production deployment. Consider switching to a production web server instead.

============================================================
=== DÉMARRAGE — 2026-05-09 00:05:03 ===
============================================================
2026-05-09 00:05:03 [WARNING] werkzeug — Werkzeug appears to be used in a production deployment. Consider switching to a production web server instead.

============================================================
=== DÉMARRAGE — 2026-05-09 00:08:12 ===
============================================================
2026-05-09 00:08:12 [WARNING] werkzeug — Werkzeug appears to be used in a production deployment. Consider switching to a production web server instead.

============================================================
=== DÉMARRAGE — 2026-05-09 00:10:34 ===
============================================================
2026-05-09 00:10:34 [WARNING] werkzeug — Werkzeug appears to be used in a production deployment. Consider switching to a production web server instead.

============================================================
=== DÉMARRAGE — 2026-05-09 00:16:59 ===
============================================================
2026-05-09 00:16:59 [WARNING] werkzeug — Werkzeug appears to be used in a production deployment. Consider switching to a production web server instead.

============================================================
=== DÉMARRAGE [DEBUG] — 2026-05-09 00:31:57 ===
============================================================

============================================================
=== DÉMARRAGE [DEBUG] — 2026-05-09 00:41:49 ===
============================================================

============================================================
=== DÉMARRAGE [DEBUG] — 2026-05-09 00:45:27 ===
============================================================

============================================================
=== DÉMARRAGE — 2026-05-09 00:46:26 ===
============================================================
2026-05-09 00:46:26 [WARNING] werkzeug — Werkzeug appears to be used in a production deployment. Consider switching to a production web server instead.

============================================================
=== DÉMARRAGE [DEBUG] — 2026-05-09 00:47:08 ===
============================================================

============================================================
=== DÉMARRAGE — 2026-05-09 00:48:52 ===
============================================================
2026-05-09 00:48:52 [WARNING] werkzeug — Werkzeug appears to be used in a production deployment. Consider switching to a production web server instead.

============================================================
=== DÉMARRAGE [DEBUG] — 2026-05-09 00:55:27 ===
============================================================

============================================================
=== DÉMARRAGE [DEBUG] — 2026-05-09 00:56:47 ===
============================================================

============================================================
=== DÉMARRAGE [DEBUG] — 2026-05-09 01:05:20 ===
============================================================

============================================================
=== DÉMARRAGE [DEBUG] — 2026-05-09 01:08:27 ===
============================================================

============================================================
=== DÉMARRAGE [DEBUG] — 2026-05-09 01:53:25 ===
============================================================

============================================================
=== DÉMARRAGE [DEBUG] — 2026-05-09 11:11:32 ===
============================================================

============================================================
=== DÉMARRAGE [DEBUG] — 2026-05-09 11:13:19 ===
============================================================

============================================================
=== DÉMARRAGE [DEBUG] — 2026-05-09 11:18:55 ===
============================================================

============================================================
=== DÉMARRAGE [DEBUG] — 2026-05-09 11:19:59 ===
============================================================

============================================================
=== DÉMARRAGE [DEBUG] — 2026-05-09 11:26:22 ===
============================================================

============================================================
=== DÉMARRAGE [DEBUG] — 2026-05-09 11:29:35 ===
============================================================

============================================================
=== DÉMARRAGE [DEBUG] — 2026-05-09 11:32:57 ===
============================================================

============================================================
=== DÉMARRAGE [DEBUG] — 2026-05-09 11:34:22 ===
============================================================

============================================================
=== DÉMARRAGE [DEBUG] — 2026-05-09 11:40:38 ===
============================================================

============================================================
=== DÉMARRAGE [DEBUG] — 2026-05-09 11:54:54 ===
============================================================

============================================================
=== DÉMARRAGE [DEBUG] — 2026-05-09 12:01:21 ===
============================================================

============================================================
=== DÉMARRAGE [DEBUG] — 2026-05-09 15:04:25 ===
============================================================

============================================================
=== DÉMARRAGE [DEBUG] — 2026-05-09 15:06:17 ===
============================================================

============================================================
=== DÉMARRAGE [DEBUG] — 2026-05-09 15:07:54 ===
============================================================

============================================================
=== DÉMARRAGE [DEBUG] — 2026-05-09 15:08:18 ===
============================================================

============================================================
=== DÉMARRAGE [DEBUG] — 2026-05-09 15:09:14 ===
============================================================

============================================================
=== DÉMARRAGE [DEBUG] — 2026-05-09 15:09:50 ===
============================================================

============================================================
=== DÉMARRAGE [DEBUG] — 2026-05-09 15:13:38 ===
============================================================

============================================================
=== DÉMARRAGE [DEBUG] — 2026-05-09 15:23:01 ===
============================================================

============================================================
=== DÉMARRAGE [DEBUG] — 2026-05-09 15:28:29 ===
============================================================

============================================================
=== DÉMARRAGE [DEBUG] — 2026-05-09 15:31:14 ===
============================================================

============================================================
=== DÉMARRAGE [DEBUG] — 2026-05-09 15:37:03 ===
============================================================

============================================================
=== DÉMARRAGE [DEBUG] — 2026-05-09 15:39:22 ===
============================================================

============================================================
=== DÉMARRAGE [DEBUG] — 2026-05-09 15:44:03 ===
============================================================

============================================================
=== DÉMARRAGE — 2026-05-09 15:47:46 ===
============================================================

============================================================
=== DÉMARRAGE [DEBUG] — 2026-05-09 15:50:24 ===
============================================================
